<?xml version="1.0" encoding="UTF-8"?>
<testsuite xmlns:xsi="http://www.w3.org/2001/XMLSchema-instance" xsi:noNamespaceSchemaLocation="https://maven.apache.org/surefire/maven-surefire-plugin/xsd/surefire-test-report-3.0.xsd" version="3.0" name="forensics.SimpleTest" time="0.041" tests="10" errors="0" skipped="0" failures="0">
  <properties>
[...]
</properties>
  <testcase name="testInvalidPort" classname="forensics.SimpleTest" time="0.019"/>
  <testcase name="testValidPortRange" classname="forensics.SimpleTest" time="0.0"/>
  <testcase name="testInvalidIP" classname="forensics.SimpleTest" time="0.001"/>
  <testcase name="testInvalidPortRange" classname="forensics.SimpleTest" time="0.002"/>
  <testcase name="testValidURL" classname="forensics.SimpleTest" time="0.0"/>
  <testcase name="testValidPort" classname="forensics.SimpleTest" time="0.0"/>
  <testcase name="testValidIP" classname="forensics.SimpleTest" time="0.0"/>
  <testcase name="testInvalidDomain" classname="forensics.SimpleTest" time="0.0"/>
  <testcase name="testValidDomain" classname="forensics.SimpleTest" time="0.0"/>
  <testcase name="testInvalidURL" classname="forensics.SimpleTest" time="0.0"/>
</testsuite>